<?xml version="1.0" encoding="UTF-8"?>
<testsuites name="New Test Suite-5" time="0.627" tests="2" failures="0" errors="0">
   <testsuite name="New Test Suite-5" tests="2" failures="0" errors="0" time="0.627" skipped="0" timestamp="07-01-2024T20:22:55" hostname="balun - LAPTOP-2POF4N3B" id="Test Suites/New Test Suite-5">
      <properties>
         <property name="deviceName" value=""/>
         <property name="devicePlatform" value=""/>
         <property name="logFolder" value="C:\\Users\\balun\\Katalon Studio\\My First Project-1\\Reports\\20240107_202241\\New Test Suite-5\\20240107_202246"/>
         <property name="logFiles" value="C:\\Users\\balun\\Katalon Studio\\My First Project-1\\Reports\\20240107_202241\\New Test Suite-5\\20240107_202246\\execution0.log"/>
         <property name="attachments" value=""/>
         <property name="hostName" value="balun - LAPTOP-2POF4N3B"/>
         <property name="hostAddress" value="192.168.22.25"/>
         <property name="os" value="Windows 11 64bit"/>
         <property name="katalonVersion" value="9.2.0.212"/>
      </properties>
      <testcase name="Test Cases/CURA_HEALTH/New Test Case-5" time="0.316" classname="Test Cases/CURA_HEALTH/New Test Case-5" status="PASSED">
         <system-out><![CDATA[07-01-2024T20:22:56 - [TEST_CASE][PASSED] - Test Cases/CURA_HEALTH/New Test Case-5: Test Cases/CURA_HEALTH/New Test Case-5

07-01-2024T20:22:56 - [TEST_STEP][PASSED] - return null: null]]></system-out>
         <system-err><![CDATA[]]></system-err>
      </testcase>
      <testcase name="Test Cases/CURA_HEALTH/New Test Case-5" time="0.026" classname="Test Cases/CURA_HEALTH/New Test Case-5" status="PASSED">
         <system-out><![CDATA[07-01-2024T20:22:56 - [TEST_CASE][PASSED] - Test Cases/CURA_HEALTH/New Test Case-5: Test Cases/CURA_HEALTH/New Test Case-5

07-01-2024T20:22:56 - [TEST_STEP][PASSED] - return null: null]]></system-out>
         <system-err><![CDATA[]]></system-err>
      </testcase>
      <system-out><![CDATA[07-01-2024T20:22:55 - [TEST_SUITE][PASSED] - New Test Suite-5: Test Cases/CURA_HEALTH/New Test Case-5]]></system-out>
      <system-err><![CDATA[]]></system-err>
   </testsuite>
</testsuites>
