<?xml version="1.0" encoding="UTF-8"?>
<testsuites name="New Test Suite-26" time="0.409" tests="1" failures="0" errors="0">
   <testsuite name="New Test Suite-26" tests="1" failures="0" errors="0" time="0.409" skipped="0" timestamp="2023-12-03 12:42:24" hostname="balun - LAPTOP-2POF4N3B" id="Test Suites/New Test Suite-26">
      <properties>
         <property name="deviceName" value=""/>
         <property name="devicePlatform" value=""/>
         <property name="logFolder" value="C:\\Users\\balun\\Katalon Studio\\My First Project-1\\Reports\\20231203_124158\\New Test Suite-26\\20231203_124159"/>
         <property name="logFiles" value="C:\\Users\\balun\\Katalon Studio\\My First Project-1\\Reports\\20231203_124158\\New Test Suite-26\\20231203_124159\\execution0.log"/>
         <property name="attachments" value=""/>
         <property name="hostName" value="balun - LAPTOP-2POF4N3B"/>
         <property name="hostAddress" value="192.168.4.35"/>
         <property name="os" value="Windows 11 64bit"/>
         <property name="katalonVersion" value="9.0.0.212"/>
      </properties>
      <testcase name="Test Cases/New Test Case-26" time="0.234" classname="Test Cases/New Test Case-26" status="PASSED">
         <system-out><![CDATA[2023-12-03 12:42:24 - [TEST_CASE][PASSED] - Test Cases/New Test Case-26: Test Cases/New Test Case-26

2023-12-03 12:42:25 - [TEST_STEP][PASSED] - return null: null]]></system-out>
         <system-err><![CDATA[]]></system-err>
      </testcase>
      <system-out><![CDATA[2023-12-03 12:42:24 - [TEST_SUITE][PASSED] - New Test Suite-26: Test Cases/New Test Case-26]]></system-out>
      <system-err><![CDATA[]]></system-err>
   </testsuite>
</testsuites>
