<?xml version="1.0" encoding="UTF-8"?>
<testsuites name="New Test Suite-01" time="0.766" tests="7" failures="0" errors="0">
   <testsuite name="New Test Suite-01" tests="7" failures="0" errors="0" time="0.766" skipped="0" timestamp="2023-12-03 20:19:43" hostname="balun - LAPTOP-2POF4N3B" id="Test Suites/New Test Suite-01">
      <properties>
         <property name="deviceName" value=""/>
         <property name="devicePlatform" value=""/>
         <property name="logFolder" value="C:\\Users\\balun\\Katalon Studio\\My First Project-1\\Reports\\20231203_201932\\New Test Suite-01\\20231203_201932"/>
         <property name="logFiles" value="C:\\Users\\balun\\Katalon Studio\\My First Project-1\\Reports\\20231203_201932\\New Test Suite-01\\20231203_201932\\execution0.log"/>
         <property name="attachments" value=""/>
         <property name="hostName" value="balun - LAPTOP-2POF4N3B"/>
         <property name="hostAddress" value="192.168.4.35"/>
         <property name="os" value="Windows 11 64bit"/>
         <property name="katalonVersion" value="9.0.0.212"/>
      </properties>
      <testcase name="Test Cases/New Test Case-34" time="0.279" classname="Test Cases/New Test Case-34" status="PASSED">
         <system-out><![CDATA[2023-12-03 20:19:43 - [TEST_CASE][PASSED] - Test Cases/New Test Case-34: Test Cases/New Test Case-34

2023-12-03 20:19:44 - [TEST_STEP][PASSED] - return null: null]]></system-out>
         <system-err><![CDATA[]]></system-err>
      </testcase>
      <testcase name="Test Cases/New Test Case-33" time="0.028" classname="Test Cases/New Test Case-33" status="PASSED">
         <system-out><![CDATA[2023-12-03 20:19:44 - [TEST_CASE][PASSED] - Test Cases/New Test Case-33: Test Cases/New Test Case-33

2023-12-03 20:19:44 - [TEST_STEP][PASSED] - return null: null]]></system-out>
         <system-err><![CDATA[]]></system-err>
      </testcase>
      <testcase name="Test Cases/New Test Case-32" time="0.027" classname="Test Cases/New Test Case-32" status="PASSED">
         <system-out><![CDATA[2023-12-03 20:19:44 - [TEST_CASE][PASSED] - Test Cases/New Test Case-32: Test Cases/New Test Case-32

2023-12-03 20:19:44 - [TEST_STEP][PASSED] - return null: null]]></system-out>
         <system-err><![CDATA[]]></system-err>
      </testcase>
      <testcase name="Test Cases/New Test Case-31" time="0.037" classname="Test Cases/New Test Case-31" status="PASSED">
         <system-out><![CDATA[2023-12-03 20:19:44 - [TEST_CASE][PASSED] - Test Cases/New Test Case-31: Test Cases/New Test Case-31

2023-12-03 20:19:44 - [TEST_STEP][PASSED] - return null: null]]></system-out>
         <system-err><![CDATA[]]></system-err>
      </testcase>
      <testcase name="Test Cases/New Test Case-30" time="0.027" classname="Test Cases/New Test Case-30" status="PASSED">
         <system-out><![CDATA[2023-12-03 20:19:44 - [TEST_CASE][PASSED] - Test Cases/New Test Case-30: Test Cases/New Test Case-30

2023-12-03 20:19:44 - [TEST_STEP][PASSED] - return null: null]]></system-out>
         <system-err><![CDATA[]]></system-err>
      </testcase>
      <testcase name="Test Cases/New Test Case-29" time="0.03" classname="Test Cases/New Test Case-29" status="PASSED">
         <system-out><![CDATA[2023-12-03 20:19:44 - [TEST_CASE][PASSED] - Test Cases/New Test Case-29: Test Cases/New Test Case-29

2023-12-03 20:19:44 - [TEST_STEP][PASSED] - return null: null]]></system-out>
         <system-err><![CDATA[]]></system-err>
      </testcase>
      <testcase name="Test Cases/New Test Case-28" time="0.038" classname="Test Cases/New Test Case-28" status="PASSED">
         <system-out><![CDATA[2023-12-03 20:19:44 - [TEST_CASE][PASSED] - Test Cases/New Test Case-28: Test Cases/New Test Case-28

2023-12-03 20:19:44 - [TEST_STEP][PASSED] - return null: null]]></system-out>
         <system-err><![CDATA[]]></system-err>
      </testcase>
      <system-out><![CDATA[2023-12-03 20:19:43 - [TEST_SUITE][PASSED] - New Test Suite-01: Test Cases/New Test Case-28]]></system-out>
      <system-err><![CDATA[]]></system-err>
   </testsuite>
</testsuites>
