<?xml version="1.0" encoding="UTF-8"?>
<testsuites name="New Test Suite-0111" time="0.977" tests="22" failures="0" errors="0">
   <testsuite name="New Test Suite-0111" tests="22" failures="0" errors="0" time="0.977" skipped="0" timestamp="2023-12-03 20:24:41" hostname="balun - LAPTOP-2POF4N3B" id="Test Suites/New Test Suite-0111">
      <properties>
         <property name="deviceName" value=""/>
         <property name="devicePlatform" value=""/>
         <property name="logFolder" value="C:\\Users\\balun\\Katalon Studio\\My First Project-1\\Reports\\20231203_202426\\New Test Suite-0111\\20231203_202426"/>
         <property name="logFiles" value="C:\\Users\\balun\\Katalon Studio\\My First Project-1\\Reports\\20231203_202426\\New Test Suite-0111\\20231203_202426\\execution0.log"/>
         <property name="attachments" value=""/>
         <property name="hostName" value="balun - LAPTOP-2POF4N3B"/>
         <property name="hostAddress" value="192.168.4.35"/>
         <property name="os" value="Windows 11 64bit"/>
         <property name="katalonVersion" value="9.0.0.212"/>
      </properties>
      <testcase name="Test Cases/New Test Case-11" time="0.235" classname="Test Cases/New Test Case-11" status="PASSED">
         <system-out><![CDATA[2023-12-03 20:24:41 - [TEST_CASE][PASSED] - Test Cases/New Test Case-11: Test Cases/New Test Case-11

2023-12-03 20:24:42 - [TEST_STEP][PASSED] - return null: null]]></system-out>
         <system-err><![CDATA[]]></system-err>
      </testcase>
      <testcase name="Test Cases/New Test Case-12" time="0.028" classname="Test Cases/New Test Case-12" status="PASSED">
         <system-out><![CDATA[2023-12-03 20:24:42 - [TEST_CASE][PASSED] - Test Cases/New Test Case-12: Test Cases/New Test Case-12

2023-12-03 20:24:42 - [TEST_STEP][PASSED] - return null: null]]></system-out>
         <system-err><![CDATA[]]></system-err>
      </testcase>
      <testcase name="Test Cases/New Test Case-13" time="0.02" classname="Test Cases/New Test Case-13" status="PASSED">
         <system-out><![CDATA[2023-12-03 20:24:42 - [TEST_CASE][PASSED] - Test Cases/New Test Case-13: Test Cases/New Test Case-13

2023-12-03 20:24:42 - [TEST_STEP][PASSED] - return null: null]]></system-out>
         <system-err><![CDATA[]]></system-err>
      </testcase>
      <testcase name="Test Cases/New Test Case-14" time="0.023" classname="Test Cases/New Test Case-14" status="PASSED">
         <system-out><![CDATA[2023-12-03 20:24:42 - [TEST_CASE][PASSED] - Test Cases/New Test Case-14: Test Cases/New Test Case-14

2023-12-03 20:24:42 - [TEST_STEP][PASSED] - return null: null]]></system-out>
         <system-err><![CDATA[]]></system-err>
      </testcase>
      <testcase name="Test Cases/New Test Case-15" time="0.021" classname="Test Cases/New Test Case-15" status="PASSED">
         <system-out><![CDATA[2023-12-03 20:24:42 - [TEST_CASE][PASSED] - Test Cases/New Test Case-15: Test Cases/New Test Case-15

2023-12-03 20:24:42 - [TEST_STEP][PASSED] - return null: null]]></system-out>
         <system-err><![CDATA[]]></system-err>
      </testcase>
      <testcase name="Test Cases/New Test Case-16" time="0.019" classname="Test Cases/New Test Case-16" status="PASSED">
         <system-out><![CDATA[2023-12-03 20:24:42 - [TEST_CASE][PASSED] - Test Cases/New Test Case-16: Test Cases/New Test Case-16

2023-12-03 20:24:42 - [TEST_STEP][PASSED] - return null: null]]></system-out>
         <system-err><![CDATA[]]></system-err>
      </testcase>
      <testcase name="Test Cases/New Test Case-17" time="0.017" classname="Test Cases/New Test Case-17" status="PASSED">
         <system-out><![CDATA[2023-12-03 20:24:42 - [TEST_CASE][PASSED] - Test Cases/New Test Case-17: Test Cases/New Test Case-17

2023-12-03 20:24:42 - [TEST_STEP][PASSED] - return null: null]]></system-out>
         <system-err><![CDATA[]]></system-err>
      </testcase>
      <testcase name="Test Cases/New Test Case-20" time="0.02" classname="Test Cases/New Test Case-20" status="PASSED">
         <system-out><![CDATA[2023-12-03 20:24:42 - [TEST_CASE][PASSED] - Test Cases/New Test Case-20: Test Cases/New Test Case-20

2023-12-03 20:24:42 - [TEST_STEP][PASSED] - return null: null]]></system-out>
         <system-err><![CDATA[]]></system-err>
      </testcase>
      <testcase name="Test Cases/New Test Case-21" time="0.022" classname="Test Cases/New Test Case-21" status="PASSED">
         <system-out><![CDATA[2023-12-03 20:24:42 - [TEST_CASE][PASSED] - Test Cases/New Test Case-21: Test Cases/New Test Case-21

2023-12-03 20:24:42 - [TEST_STEP][PASSED] - return null: null]]></system-out>
         <system-err><![CDATA[]]></system-err>
      </testcase>
      <testcase name="Test Cases/New Test Case-22" time="0.019" classname="Test Cases/New Test Case-22" status="PASSED">
         <system-out><![CDATA[2023-12-03 20:24:42 - [TEST_CASE][PASSED] - Test Cases/New Test Case-22: Test Cases/New Test Case-22

2023-12-03 20:24:42 - [TEST_STEP][PASSED] - return null: null]]></system-out>
         <system-err><![CDATA[]]></system-err>
      </testcase>
      <testcase name="Test Cases/New Test Case-23" time="0.017" classname="Test Cases/New Test Case-23" status="PASSED">
         <system-out><![CDATA[2023-12-03 20:24:42 - [TEST_CASE][PASSED] - Test Cases/New Test Case-23: Test Cases/New Test Case-23

2023-12-03 20:24:42 - [TEST_STEP][PASSED] - return null: null]]></system-out>
         <system-err><![CDATA[]]></system-err>
      </testcase>
      <testcase name="Test Cases/New Test Case-24" time="0.023" classname="Test Cases/New Test Case-24" status="PASSED">
         <system-out><![CDATA[2023-12-03 20:24:42 - [TEST_CASE][PASSED] - Test Cases/New Test Case-24: Test Cases/New Test Case-24

2023-12-03 20:24:42 - [TEST_STEP][PASSED] - return null: null]]></system-out>
         <system-err><![CDATA[]]></system-err>
      </testcase>
      <testcase name="Test Cases/New Test Case-25" time="0.015" classname="Test Cases/New Test Case-25" status="PASSED">
         <system-out><![CDATA[2023-12-03 20:24:42 - [TEST_CASE][PASSED] - Test Cases/New Test Case-25: Test Cases/New Test Case-25

2023-12-03 20:24:42 - [TEST_STEP][PASSED] - return null: null]]></system-out>
         <system-err><![CDATA[]]></system-err>
      </testcase>
      <testcase name="Test Cases/New Test Case-26" time="0.016" classname="Test Cases/New Test Case-26" status="PASSED">
         <system-out><![CDATA[2023-12-03 20:24:42 - [TEST_CASE][PASSED] - Test Cases/New Test Case-26: Test Cases/New Test Case-26

2023-12-03 20:24:42 - [TEST_STEP][PASSED] - return null: null]]></system-out>
         <system-err><![CDATA[]]></system-err>
      </testcase>
      <testcase name="Test Cases/New Test Case-27" time="0.015" classname="Test Cases/New Test Case-27" status="PASSED">
         <system-out><![CDATA[2023-12-03 20:24:42 - [TEST_CASE][PASSED] - Test Cases/New Test Case-27: Test Cases/New Test Case-27

2023-12-03 20:24:42 - [TEST_STEP][PASSED] - return null: null]]></system-out>
         <system-err><![CDATA[]]></system-err>
      </testcase>
      <testcase name="Test Cases/New Test Case-29" time="0.017" classname="Test Cases/New Test Case-29" status="PASSED">
         <system-out><![CDATA[2023-12-03 20:24:42 - [TEST_CASE][PASSED] - Test Cases/New Test Case-29: Test Cases/New Test Case-29

2023-12-03 20:24:42 - [TEST_STEP][PASSED] - return null: null]]></system-out>
         <system-err><![CDATA[]]></system-err>
      </testcase>
      <testcase name="Test Cases/New Test Case-28" time="0.015" classname="Test Cases/New Test Case-28" status="PASSED">
         <system-out><![CDATA[2023-12-03 20:24:42 - [TEST_CASE][PASSED] - Test Cases/New Test Case-28: Test Cases/New Test Case-28

2023-12-03 20:24:42 - [TEST_STEP][PASSED] - return null: null]]></system-out>
         <system-err><![CDATA[]]></system-err>
      </testcase>
      <testcase name="Test Cases/New Test Case-30" time="0.021" classname="Test Cases/New Test Case-30" status="PASSED">
         <system-out><![CDATA[2023-12-03 20:24:42 - [TEST_CASE][PASSED] - Test Cases/New Test Case-30: Test Cases/New Test Case-30

2023-12-03 20:24:42 - [TEST_STEP][PASSED] - return null: null]]></system-out>
         <system-err><![CDATA[]]></system-err>
      </testcase>
      <testcase name="Test Cases/New Test Case-31" time="0.019" classname="Test Cases/New Test Case-31" status="PASSED">
         <system-out><![CDATA[2023-12-03 20:24:42 - [TEST_CASE][PASSED] - Test Cases/New Test Case-31: Test Cases/New Test Case-31

2023-12-03 20:24:42 - [TEST_STEP][PASSED] - return null: null]]></system-out>
         <system-err><![CDATA[]]></system-err>
      </testcase>
      <testcase name="Test Cases/New Test Case-32" time="0.021" classname="Test Cases/New Test Case-32" status="PASSED">
         <system-out><![CDATA[2023-12-03 20:24:42 - [TEST_CASE][PASSED] - Test Cases/New Test Case-32: Test Cases/New Test Case-32

2023-12-03 20:24:42 - [TEST_STEP][PASSED] - return null: null]]></system-out>
         <system-err><![CDATA[]]></system-err>
      </testcase>
      <testcase name="Test Cases/New Test Case-33" time="0.022" classname="Test Cases/New Test Case-33" status="PASSED">
         <system-out><![CDATA[2023-12-03 20:24:42 - [TEST_CASE][PASSED] - Test Cases/New Test Case-33: Test Cases/New Test Case-33

2023-12-03 20:24:42 - [TEST_STEP][PASSED] - return null: null]]></system-out>
         <system-err><![CDATA[]]></system-err>
      </testcase>
      <testcase name="Test Cases/New Test Case-34" time="0.016" classname="Test Cases/New Test Case-34" status="PASSED">
         <system-out><![CDATA[2023-12-03 20:24:42 - [TEST_CASE][PASSED] - Test Cases/New Test Case-34: Test Cases/New Test Case-34

2023-12-03 20:24:42 - [TEST_STEP][PASSED] - return null: null]]></system-out>
         <system-err><![CDATA[]]></system-err>
      </testcase>
      <system-out><![CDATA[2023-12-03 20:24:41 - [TEST_SUITE][PASSED] - New Test Suite-0111: Test Cases/New Test Case-34]]></system-out>
      <system-err><![CDATA[]]></system-err>
   </testsuite>
</testsuites>
