<?xml version="1.0" encoding="UTF-8"?>
<testsuites name="New Test Suite Collection-1" time="22.212" tests="5" failures="0" errors="0">
   <testsuite name="Myntra-2" tests="1" failures="0" errors="0" time="0.452" skipped="0" timestamp="2023-12-31 19:10:39" hostname="balun - LAPTOP-2POF4N3B" id="Test Suites/Myntra-2">
      <properties>
         <property name="deviceName" value=""/>
         <property name="devicePlatform" value=""/>
         <property name="logFolder" value="C:\\Users\\balun\\Katalon Studio\\My First Project-1\\Reports\\20231231_191029\\Myntra-2\\20231231_191030"/>
         <property name="logFiles" value="C:\\Users\\balun\\Katalon Studio\\My First Project-1\\Reports\\20231231_191029\\Myntra-2\\20231231_191030\\execution0.log"/>
         <property name="attachments" value=""/>
         <property name="hostName" value="balun - LAPTOP-2POF4N3B"/>
         <property name="hostAddress" value="192.168.4.35"/>
         <property name="os" value="Windows 11 64bit"/>
         <property name="katalonVersion" value="9.0.0.212"/>
      </properties>
      <testcase name="Test Cases/Myntra-11/Myntra-1" time="0.268" classname="Test Cases/Myntra-11/Myntra-1" status="PASSED">
         <system-out><![CDATA[2023-12-31 19:10:40 - [TEST_CASE][PASSED] - Test Cases/Myntra-11/Myntra-1: Test Cases/Myntra-11/Myntra-1

2023-12-31 19:10:40 - [TEST_STEP][PASSED] - return null: null]]></system-out>
         <system-err><![CDATA[]]></system-err>
      </testcase>
      <system-out><![CDATA[2023-12-31 19:10:39 - [TEST_SUITE][PASSED] - Myntra-2: Test Cases/Myntra-11/Myntra-1]]></system-out>
      <system-err><![CDATA[]]></system-err>
   </testsuite>
   <testsuite name="New Test Suite-1" tests="4" failures="0" errors="0" time="0.516" skipped="0" timestamp="2023-12-31 19:10:50" hostname="balun - LAPTOP-2POF4N3B" id="Test Suites/Record_mode/New Test Suite-1">
      <properties>
         <property name="deviceName" value=""/>
         <property name="devicePlatform" value=""/>
         <property name="logFolder" value="C:\\Users\\balun\\Katalon Studio\\My First Project-1\\Reports\\20231231_191029\\Record_mode\\New Test Suite-1\\20231231_191032"/>
         <property name="logFiles" value="C:\\Users\\balun\\Katalon Studio\\My First Project-1\\Reports\\20231231_191029\\Record_mode\\New Test Suite-1\\20231231_191032\\execution0.log"/>
         <property name="attachments" value=""/>
         <property name="hostName" value="balun - LAPTOP-2POF4N3B"/>
         <property name="hostAddress" value="192.168.4.35"/>
         <property name="os" value="Windows 11 64bit"/>
         <property name="katalonVersion" value="9.0.0.212"/>
      </properties>
      <testcase name="Test Cases/Justbake/New Test Case-1" time="0.278" classname="Test Cases/Justbake/New Test Case-1" status="PASSED">
         <system-out><![CDATA[2023-12-31 19:10:50 - [TEST_CASE][PASSED] - Test Cases/Justbake/New Test Case-1: Test Cases/Justbake/New Test Case-1

2023-12-31 19:10:50 - [TEST_STEP][PASSED] - return null: null]]></system-out>
         <system-err><![CDATA[]]></system-err>
      </testcase>
      <testcase name="Test Cases/Justbake/New Test Case-2" time="0.012" classname="Test Cases/Justbake/New Test Case-2" status="PASSED">
         <system-out><![CDATA[2023-12-31 19:10:50 - [TEST_CASE][PASSED] - Test Cases/Justbake/New Test Case-2: Test Cases/Justbake/New Test Case-2

2023-12-31 19:10:50 - [TEST_STEP][PASSED] - return null: null]]></system-out>
         <system-err><![CDATA[]]></system-err>
      </testcase>
      <testcase name="Test Cases/Flipkart/New Test Case-1" time="0.012" classname="Test Cases/Flipkart/New Test Case-1" status="PASSED">
         <system-out><![CDATA[2023-12-31 19:10:50 - [TEST_CASE][PASSED] - Test Cases/Flipkart/New Test Case-1: Test Cases/Flipkart/New Test Case-1

2023-12-31 19:10:50 - [TEST_STEP][PASSED] - return null: null]]></system-out>
         <system-err><![CDATA[]]></system-err>
      </testcase>
      <testcase name="Test Cases/Flipkart/New Test Case-2" time="0.011" classname="Test Cases/Flipkart/New Test Case-2" status="PASSED">
         <system-out><![CDATA[2023-12-31 19:10:50 - [TEST_CASE][PASSED] - Test Cases/Flipkart/New Test Case-2: Test Cases/Flipkart/New Test Case-2

2023-12-31 19:10:50 - [TEST_STEP][PASSED] - return null: null]]></system-out>
         <system-err><![CDATA[]]></system-err>
      </testcase>
      <system-out><![CDATA[2023-12-31 19:10:50 - [TEST_SUITE][PASSED] - New Test Suite-1: Test Cases/Flipkart/New Test Case-2]]></system-out>
      <system-err><![CDATA[]]></system-err>
   </testsuite>
</testsuites>
