<?xml version="1.0" encoding="UTF-8"?>
<testsuites name="New Test Suite-all" time="1.272" tests="21" failures="0" errors="0">
   <testsuite name="New Test Suite-all" tests="21" failures="0" errors="0" time="1.272" skipped="0" timestamp="2023-12-24 12:19:52" hostname="balun - LAPTOP-2POF4N3B" id="Test Suites/New Test Suite-all">
      <properties>
         <property name="deviceName" value=""/>
         <property name="devicePlatform" value=""/>
         <property name="logFolder" value="C:\\Users\\balun\\Katalon Studio\\My First Project-1\\Reports\\20231224_121942\\New Test Suite-all\\20231224_121942"/>
         <property name="logFiles" value="C:\\Users\\balun\\Katalon Studio\\My First Project-1\\Reports\\20231224_121942\\New Test Suite-all\\20231224_121942\\execution0.log"/>
         <property name="attachments" value=""/>
         <property name="hostName" value="balun - LAPTOP-2POF4N3B"/>
         <property name="hostAddress" value="192.168.4.35"/>
         <property name="os" value="Windows 11 64bit"/>
         <property name="katalonVersion" value="9.0.0.212"/>
      </properties>
      <testcase name="Test Cases/New Test Case-21" time="0.415" classname="Test Cases/New Test Case-21" status="PASSED">
         <system-out><![CDATA[2023-12-24 12:19:52 - [TEST_CASE][PASSED] - Test Cases/New Test Case-21: Test Cases/New Test Case-21

2023-12-24 12:19:53 - [TEST_STEP][PASSED] - return null: null]]></system-out>
         <system-err><![CDATA[]]></system-err>
      </testcase>
      <testcase name="Test Cases/New Test Case-22" time="0.037" classname="Test Cases/New Test Case-22" status="PASSED">
         <system-out><![CDATA[2023-12-24 12:19:53 - [TEST_CASE][PASSED] - Test Cases/New Test Case-22: Test Cases/New Test Case-22

2023-12-24 12:19:53 - [TEST_STEP][PASSED] - return null: null]]></system-out>
         <system-err><![CDATA[]]></system-err>
      </testcase>
      <testcase name="Test Cases/New Test Case-23" time="0.029" classname="Test Cases/New Test Case-23" status="PASSED">
         <system-out><![CDATA[2023-12-24 12:19:53 - [TEST_CASE][PASSED] - Test Cases/New Test Case-23: Test Cases/New Test Case-23

2023-12-24 12:19:53 - [TEST_STEP][PASSED] - return null: null]]></system-out>
         <system-err><![CDATA[]]></system-err>
      </testcase>
      <testcase name="Test Cases/New Test Case-24" time="0.029" classname="Test Cases/New Test Case-24" status="PASSED">
         <system-out><![CDATA[2023-12-24 12:19:53 - [TEST_CASE][PASSED] - Test Cases/New Test Case-24: Test Cases/New Test Case-24

2023-12-24 12:19:53 - [TEST_STEP][PASSED] - return null: null]]></system-out>
         <system-err><![CDATA[]]></system-err>
      </testcase>
      <testcase name="Test Cases/New Test Case-25" time="0.033" classname="Test Cases/New Test Case-25" status="PASSED">
         <system-out><![CDATA[2023-12-24 12:19:53 - [TEST_CASE][PASSED] - Test Cases/New Test Case-25: Test Cases/New Test Case-25

2023-12-24 12:19:53 - [TEST_STEP][PASSED] - return null: null]]></system-out>
         <system-err><![CDATA[]]></system-err>
      </testcase>
      <testcase name="Test Cases/New Test Case-27" time="0.029" classname="Test Cases/New Test Case-27" status="PASSED">
         <system-out><![CDATA[2023-12-24 12:19:53 - [TEST_CASE][PASSED] - Test Cases/New Test Case-27: Test Cases/New Test Case-27

2023-12-24 12:19:53 - [TEST_STEP][PASSED] - return null: null]]></system-out>
         <system-err><![CDATA[]]></system-err>
      </testcase>
      <testcase name="Test Cases/New Test Case-28" time="0.018" classname="Test Cases/New Test Case-28" status="PASSED">
         <system-out><![CDATA[2023-12-24 12:19:53 - [TEST_CASE][PASSED] - Test Cases/New Test Case-28: Test Cases/New Test Case-28

2023-12-24 12:19:53 - [TEST_STEP][PASSED] - return null: null]]></system-out>
         <system-err><![CDATA[]]></system-err>
      </testcase>
      <testcase name="Test Cases/New Test Case-26" time="0.017" classname="Test Cases/New Test Case-26" status="PASSED">
         <system-out><![CDATA[2023-12-24 12:19:53 - [TEST_CASE][PASSED] - Test Cases/New Test Case-26: Test Cases/New Test Case-26

2023-12-24 12:19:53 - [TEST_STEP][PASSED] - return null: null]]></system-out>
         <system-err><![CDATA[]]></system-err>
      </testcase>
      <testcase name="Test Cases/New Test Case-30" time="0.017" classname="Test Cases/New Test Case-30" status="PASSED">
         <system-out><![CDATA[2023-12-24 12:19:53 - [TEST_CASE][PASSED] - Test Cases/New Test Case-30: Test Cases/New Test Case-30

2023-12-24 12:19:53 - [TEST_STEP][PASSED] - return null: null]]></system-out>
         <system-err><![CDATA[]]></system-err>
      </testcase>
      <testcase name="Test Cases/New Test Case-31" time="0.016" classname="Test Cases/New Test Case-31" status="PASSED">
         <system-out><![CDATA[2023-12-24 12:19:53 - [TEST_CASE][PASSED] - Test Cases/New Test Case-31: Test Cases/New Test Case-31

2023-12-24 12:19:53 - [TEST_STEP][PASSED] - return null: null]]></system-out>
         <system-err><![CDATA[]]></system-err>
      </testcase>
      <testcase name="Test Cases/New Test Case-32" time="0.015" classname="Test Cases/New Test Case-32" status="PASSED">
         <system-out><![CDATA[2023-12-24 12:19:53 - [TEST_CASE][PASSED] - Test Cases/New Test Case-32: Test Cases/New Test Case-32

2023-12-24 12:19:53 - [TEST_STEP][PASSED] - return null: null]]></system-out>
         <system-err><![CDATA[]]></system-err>
      </testcase>
      <testcase name="Test Cases/New Test Case-33" time="0.019" classname="Test Cases/New Test Case-33" status="PASSED">
         <system-out><![CDATA[2023-12-24 12:19:53 - [TEST_CASE][PASSED] - Test Cases/New Test Case-33: Test Cases/New Test Case-33

2023-12-24 12:19:53 - [TEST_STEP][PASSED] - return null: null]]></system-out>
         <system-err><![CDATA[]]></system-err>
      </testcase>
      <testcase name="Test Cases/New Test Case-34" time="0.016" classname="Test Cases/New Test Case-34" status="PASSED">
         <system-out><![CDATA[2023-12-24 12:19:53 - [TEST_CASE][PASSED] - Test Cases/New Test Case-34: Test Cases/New Test Case-34

2023-12-24 12:19:53 - [TEST_STEP][PASSED] - return null: null]]></system-out>
         <system-err><![CDATA[]]></system-err>
      </testcase>
      <testcase name="Test Cases/New Test Case-35" time="0.014" classname="Test Cases/New Test Case-35" status="PASSED">
         <system-out><![CDATA[2023-12-24 12:19:53 - [TEST_CASE][PASSED] - Test Cases/New Test Case-35: Test Cases/New Test Case-35

2023-12-24 12:19:53 - [TEST_STEP][PASSED] - return null: null]]></system-out>
         <system-err><![CDATA[]]></system-err>
      </testcase>
      <testcase name="Test Cases/New Test Case-36" time="0.014" classname="Test Cases/New Test Case-36" status="PASSED">
         <system-out><![CDATA[2023-12-24 12:19:53 - [TEST_CASE][PASSED] - Test Cases/New Test Case-36: Test Cases/New Test Case-36

2023-12-24 12:19:53 - [TEST_STEP][PASSED] - return null: null]]></system-out>
         <system-err><![CDATA[]]></system-err>
      </testcase>
      <testcase name="Test Cases/New Test Case-38" time="0.014" classname="Test Cases/New Test Case-38" status="PASSED">
         <system-out><![CDATA[2023-12-24 12:19:53 - [TEST_CASE][PASSED] - Test Cases/New Test Case-38: Test Cases/New Test Case-38

2023-12-24 12:19:53 - [TEST_STEP][PASSED] - return null: null]]></system-out>
         <system-err><![CDATA[]]></system-err>
      </testcase>
      <testcase name="Test Cases/New Test Case-37" time="0.017" classname="Test Cases/New Test Case-37" status="PASSED">
         <system-out><![CDATA[2023-12-24 12:19:53 - [TEST_CASE][PASSED] - Test Cases/New Test Case-37: Test Cases/New Test Case-37

2023-12-24 12:19:53 - [TEST_STEP][PASSED] - return null: null]]></system-out>
         <system-err><![CDATA[]]></system-err>
      </testcase>
      <testcase name="Test Cases/saucedemo" time="0.015" classname="Test Cases/saucedemo" status="PASSED">
         <system-out><![CDATA[2023-12-24 12:19:53 - [TEST_CASE][PASSED] - Test Cases/saucedemo: Test Cases/saucedemo

2023-12-24 12:19:53 - [TEST_STEP][PASSED] - return null: null]]></system-out>
         <system-err><![CDATA[]]></system-err>
      </testcase>
      <testcase name="Test Cases/saucedemo-1" time="0.015" classname="Test Cases/saucedemo-1" status="PASSED">
         <system-out><![CDATA[2023-12-24 12:19:53 - [TEST_CASE][PASSED] - Test Cases/saucedemo-1: Test Cases/saucedemo-1

2023-12-24 12:19:53 - [TEST_STEP][PASSED] - return null: null]]></system-out>
         <system-err><![CDATA[]]></system-err>
      </testcase>
      <testcase name="Test Cases/ultimateqa-1" time="0.013" classname="Test Cases/ultimateqa-1" status="PASSED">
         <system-out><![CDATA[2023-12-24 12:19:53 - [TEST_CASE][PASSED] - Test Cases/ultimateqa-1: Test Cases/ultimateqa-1

2023-12-24 12:19:53 - [TEST_STEP][PASSED] - return null: null]]></system-out>
         <system-err><![CDATA[]]></system-err>
      </testcase>
      <testcase name="Test Cases/ultimateqa" time="0.015" classname="Test Cases/ultimateqa" status="PASSED">
         <system-out><![CDATA[2023-12-24 12:19:53 - [TEST_CASE][PASSED] - Test Cases/ultimateqa: Test Cases/ultimateqa

2023-12-24 12:19:53 - [TEST_STEP][PASSED] - return null: null]]></system-out>
         <system-err><![CDATA[]]></system-err>
      </testcase>
      <system-out><![CDATA[2023-12-24 12:19:52 - [TEST_SUITE][PASSED] - New Test Suite-all: Test Cases/ultimateqa]]></system-out>
      <system-err><![CDATA[]]></system-err>
   </testsuite>
</testsuites>
