<?xml version="1.0" encoding="UTF-8"?>
<testsuites name="New Test Suite-15" time="0.612" tests="1" failures="0" errors="0">
   <testsuite name="New Test Suite-15" tests="1" failures="0" errors="0" time="0.612" skipped="0" timestamp="2024-01-16 12:24:27" hostname="balun - 192.168.1.42" id="Test Suites/New Test Suite-15">
      <properties>
         <property name="deviceName" value=""/>
         <property name="devicePlatform" value=""/>
         <property name="logFolder" value="C:\\Users\\balun\\Katalon Studio\\My First Project-1\\Reports\\20240116_122416\\New Test Suite-15\\20240116_122416"/>
         <property name="logFiles" value="C:\\Users\\balun\\Katalon Studio\\My First Project-1\\Reports\\20240116_122416\\New Test Suite-15\\20240116_122416\\execution0.log"/>
         <property name="attachments" value=""/>
         <property name="hostName" value="balun - 192.168.1.42"/>
         <property name="hostAddress" value="192.168.1.42"/>
         <property name="os" value="Windows 11 64bit"/>
         <property name="katalonVersion" value="9.0.0.212"/>
      </properties>
      <testcase name="Test Cases/Flipkart/New Test Case-15" time="0.343" classname="Test Cases/Flipkart/New Test Case-15" status="PASSED">
         <system-out><![CDATA[2024-01-16 12:24:27 - [TEST_CASE][PASSED] - Test Cases/Flipkart/New Test Case-15: Test Cases/Flipkart/New Test Case-15

2024-01-16 12:24:27 - [TEST_STEP][PASSED] - return null: null]]></system-out>
         <system-err><![CDATA[]]></system-err>
      </testcase>
      <system-out><![CDATA[2024-01-16 12:24:27 - [TEST_SUITE][PASSED] - New Test Suite-15: Test Cases/Flipkart/New Test Case-15]]></system-out>
      <system-err><![CDATA[]]></system-err>
   </testsuite>
</testsuites>
