<?xml version="1.0" encoding="UTF-8"?>
<testsuites name="New Test Suite-15" time="0.424" tests="2" failures="0" errors="0">
   <testsuite name="New Test Suite-15" tests="2" failures="0" errors="0" time="0.424" skipped="0" timestamp="2024-01-16 12:31:00" hostname="balun - 192.168.1.42" id="Test Suites/New Test Suite-15">
      <properties>
         <property name="deviceName" value=""/>
         <property name="devicePlatform" value=""/>
         <property name="logFolder" value="C:\\Users\\balun\\Katalon Studio\\My First Project-1\\Reports\\20240116_123053\\New Test Suite-15\\20240116_123054"/>
         <property name="logFiles" value="C:\\Users\\balun\\Katalon Studio\\My First Project-1\\Reports\\20240116_123053\\New Test Suite-15\\20240116_123054\\execution0.log"/>
         <property name="attachments" value=""/>
         <property name="hostName" value="balun - 192.168.1.42"/>
         <property name="hostAddress" value="192.168.1.42"/>
         <property name="os" value="Windows 11 64bit"/>
         <property name="katalonVersion" value="9.0.0.212"/>
      </properties>
      <testcase name="Test Cases/Flipkart/New Test Case-15" time="0.23" classname="Test Cases/Flipkart/New Test Case-15" status="PASSED">
         <system-out><![CDATA[2024-01-16 12:31:00 - [TEST_CASE][PASSED] - Test Cases/Flipkart/New Test Case-15: Test Cases/Flipkart/New Test Case-15

2024-01-16 12:31:00 - [TEST_STEP][PASSED] - return null: null]]></system-out>
         <system-err><![CDATA[]]></system-err>
      </testcase>
      <testcase name="Test Cases/New Test Case-35" time="0.022" classname="Test Cases/New Test Case-35" status="PASSED">
         <system-out><![CDATA[2024-01-16 12:31:01 - [TEST_CASE][PASSED] - Test Cases/New Test Case-35: Test Cases/New Test Case-35

2024-01-16 12:31:01 - [TEST_STEP][PASSED] - return null: null]]></system-out>
         <system-err><![CDATA[]]></system-err>
      </testcase>
      <system-out><![CDATA[2024-01-16 12:31:00 - [TEST_SUITE][PASSED] - New Test Suite-15: Test Cases/New Test Case-35]]></system-out>
      <system-err><![CDATA[]]></system-err>
   </testsuite>
</testsuites>
