<?xml version="1.0" encoding="UTF-8"?>
<testsuites name="Manual_testsuite" time="0.446" tests="2" failures="0" errors="0">
   <testsuite name="Manual_testsuite" tests="2" failures="0" errors="0" time="0.446" skipped="0" timestamp="2023-12-23 22:56:12" hostname="balun - LAPTOP-2POF4N3B" id="Test Suites/Manual_testsuite">
      <properties>
         <property name="deviceName" value=""/>
         <property name="devicePlatform" value=""/>
         <property name="logFolder" value="C:\\Users\\balun\\Katalon Studio\\My First Project-1\\Reports\\20231223_225604\\Manual_testsuite\\20231223_225604"/>
         <property name="logFiles" value="C:\\Users\\balun\\Katalon Studio\\My First Project-1\\Reports\\20231223_225604\\Manual_testsuite\\20231223_225604\\execution0.log"/>
         <property name="attachments" value=""/>
         <property name="hostName" value="balun - LAPTOP-2POF4N3B"/>
         <property name="hostAddress" value="192.168.4.35"/>
         <property name="os" value="Windows 11 64bit"/>
         <property name="katalonVersion" value="9.0.0.212"/>
      </properties>
      <testcase name="Test Cases/New Test Case-19" time="0.24" classname="Test Cases/New Test Case-19" status="PASSED">
         <system-out><![CDATA[2023-12-23 22:56:13 - [TEST_CASE][PASSED] - Test Cases/New Test Case-19: Test Cases/New Test Case-19

2023-12-23 22:56:13 - [TEST_STEP][PASSED] - return null: null]]></system-out>
         <system-err><![CDATA[]]></system-err>
      </testcase>
      <testcase name="Test Cases/New Test Case-18" time="0.028" classname="Test Cases/New Test Case-18" status="PASSED">
         <system-out><![CDATA[2023-12-23 22:56:13 - [TEST_CASE][PASSED] - Test Cases/New Test Case-18: Test Cases/New Test Case-18

2023-12-23 22:56:13 - [TEST_STEP][PASSED] - return null: null]]></system-out>
         <system-err><![CDATA[]]></system-err>
      </testcase>
      <system-out><![CDATA[2023-12-23 22:56:12 - [TEST_SUITE][PASSED] - Manual_testsuite: Test Cases/New Test Case-18]]></system-out>
      <system-err><![CDATA[]]></system-err>
   </testsuite>
</testsuites>
