<?xml version="1.0" encoding="UTF-8"?>
<testsuites name="ultimateqa" time="0.425" tests="1" failures="0" errors="0">
   <testsuite name="ultimateqa" tests="1" failures="0" errors="0" time="0.425" skipped="0" timestamp="2023-12-24 12:12:43" hostname="balun - LAPTOP-2POF4N3B" id="Test Suites/ultimateqa">
      <properties>
         <property name="deviceName" value=""/>
         <property name="devicePlatform" value=""/>
         <property name="logFolder" value="C:\\Users\\balun\\Katalon Studio\\My First Project-1\\Reports\\20231224_121235\\ultimateqa\\20231224_121236"/>
         <property name="logFiles" value="C:\\Users\\balun\\Katalon Studio\\My First Project-1\\Reports\\20231224_121235\\ultimateqa\\20231224_121236\\execution0.log"/>
         <property name="attachments" value=""/>
         <property name="hostName" value="balun - LAPTOP-2POF4N3B"/>
         <property name="hostAddress" value="192.168.4.35"/>
         <property name="os" value="Windows 11 64bit"/>
         <property name="katalonVersion" value="9.0.0.212"/>
      </properties>
      <testcase name="Test Cases/ultimateqa" time="0.262" classname="Test Cases/ultimateqa" status="PASSED">
         <system-out><![CDATA[2023-12-24 12:12:43 - [TEST_CASE][PASSED] - Test Cases/ultimateqa: Test Cases/ultimateqa

2023-12-24 12:12:43 - [TEST_STEP][PASSED] - return null: null]]></system-out>
         <system-err><![CDATA[]]></system-err>
      </testcase>
      <system-out><![CDATA[2023-12-24 12:12:43 - [TEST_SUITE][PASSED] - ultimateqa: Test Cases/ultimateqa]]></system-out>
      <system-err><![CDATA[]]></system-err>
   </testsuite>
</testsuites>
