<?xml version="1.0" encoding="UTF-8"?>
<testsuites name="New Test Suite-13" time="0.334" tests="1" failures="0" errors="0">
   <testsuite name="New Test Suite-13" tests="1" failures="0" errors="0" time="0.334" skipped="0" timestamp="07-01-2024T20:18:41" hostname="balun - LAPTOP-2POF4N3B" id="Test Suites/New Test Suite-13">
      <properties>
         <property name="deviceName" value=""/>
         <property name="devicePlatform" value=""/>
         <property name="logFolder" value="C:\\Users\\balun\\Katalon Studio\\My First Project-1\\Reports\\20240107_201827\\New Test Suite-13\\20240107_201832"/>
         <property name="logFiles" value="C:\\Users\\balun\\Katalon Studio\\My First Project-1\\Reports\\20240107_201827\\New Test Suite-13\\20240107_201832\\execution0.log"/>
         <property name="attachments" value=""/>
         <property name="hostName" value="balun - LAPTOP-2POF4N3B"/>
         <property name="hostAddress" value="192.168.22.25"/>
         <property name="os" value="Windows 11 64bit"/>
         <property name="katalonVersion" value="9.2.0.212"/>
      </properties>
      <testcase name="Test Cases/Flipkart/New Test Case-13" time="0.178" classname="Test Cases/Flipkart/New Test Case-13" status="PASSED">
         <system-out><![CDATA[07-01-2024T20:18:42 - [TEST_CASE][PASSED] - Test Cases/Flipkart/New Test Case-13: Test Cases/Flipkart/New Test Case-13

07-01-2024T20:18:42 - [TEST_STEP][PASSED] - return null: null]]></system-out>
         <system-err><![CDATA[]]></system-err>
      </testcase>
      <system-out><![CDATA[07-01-2024T20:18:41 - [TEST_SUITE][PASSED] - New Test Suite-13: Test Cases/Flipkart/New Test Case-13]]></system-out>
      <system-err><![CDATA[]]></system-err>
   </testsuite>
</testsuites>
