<?xml version="1.0" encoding="UTF-8"?>
<testsuites name="saucedemo" time="0.33" tests="1" failures="0" errors="0">
   <testsuite name="saucedemo" tests="1" failures="0" errors="0" time="0.33" skipped="0" timestamp="07-01-2024T20:20:19" hostname="balun - LAPTOP-2POF4N3B" id="Test Suites/saucedemo">
      <properties>
         <property name="deviceName" value=""/>
         <property name="devicePlatform" value=""/>
         <property name="logFolder" value="C:\\Users\\balun\\Katalon Studio\\My First Project-1\\Reports\\20240107_201949\\saucedemo\\20240107_202000"/>
         <property name="logFiles" value="C:\\Users\\balun\\Katalon Studio\\My First Project-1\\Reports\\20240107_201949\\saucedemo\\20240107_202000\\execution0.log"/>
         <property name="attachments" value=""/>
         <property name="hostName" value="balun - LAPTOP-2POF4N3B"/>
         <property name="hostAddress" value="192.168.22.25"/>
         <property name="os" value="Windows 11 64bit"/>
         <property name="katalonVersion" value="9.2.0.212"/>
      </properties>
      <testcase name="Test Cases/Saucedemo-111/saucedemo" time="0.166" classname="Test Cases/Saucedemo-111/saucedemo" status="PASSED">
         <system-out><![CDATA[07-01-2024T20:20:20 - [TEST_CASE][PASSED] - Test Cases/Saucedemo-111/saucedemo: Test Cases/Saucedemo-111/saucedemo

07-01-2024T20:20:20 - [TEST_STEP][PASSED] - return null: null]]></system-out>
         <system-err><![CDATA[]]></system-err>
      </testcase>
      <system-out><![CDATA[07-01-2024T20:20:19 - [TEST_SUITE][PASSED] - saucedemo: Test Cases/Saucedemo-111/saucedemo]]></system-out>
      <system-err><![CDATA[]]></system-err>
   </testsuite>
</testsuites>
