<?xml version="1.0" encoding="UTF-8"?>
<testsuites name="New Test Suite-21" time="0.591" tests="10" failures="0" errors="0">
   <testsuite name="New Test Suite-21" tests="10" failures="0" errors="0" time="0.591" skipped="0" timestamp="2023-12-03 12:06:24" hostname="balun - LAPTOP-2POF4N3B" id="Test Suites/New Test Suite-21">
      <properties>
         <property name="deviceName" value=""/>
         <property name="devicePlatform" value=""/>
         <property name="logFolder" value="C:\\Users\\balun\\Katalon Studio\\My First Project-1\\Reports\\20231203_120611\\New Test Suite-21\\20231203_120612"/>
         <property name="logFiles" value="C:\\Users\\balun\\Katalon Studio\\My First Project-1\\Reports\\20231203_120611\\New Test Suite-21\\20231203_120612\\execution0.log"/>
         <property name="attachments" value=""/>
         <property name="hostName" value="balun - LAPTOP-2POF4N3B"/>
         <property name="hostAddress" value="192.168.4.35"/>
         <property name="os" value="Windows 11 64bit"/>
         <property name="katalonVersion" value="9.0.0.212"/>
      </properties>
      <testcase name="Test Cases/New Test Case-10" time="0.22" classname="Test Cases/New Test Case-10" status="PASSED">
         <system-out><![CDATA[2023-12-03 12:06:24 - [TEST_CASE][PASSED] - Test Cases/New Test Case-10: Test Cases/New Test Case-10

2023-12-03 12:06:24 - [TEST_STEP][PASSED] - return null: null]]></system-out>
         <system-err><![CDATA[]]></system-err>
      </testcase>
      <testcase name="Test Cases/New Test Case-11" time="0.018" classname="Test Cases/New Test Case-11" status="PASSED">
         <system-out><![CDATA[2023-12-03 12:06:24 - [TEST_CASE][PASSED] - Test Cases/New Test Case-11: Test Cases/New Test Case-11

2023-12-03 12:06:24 - [TEST_STEP][PASSED] - return null: null]]></system-out>
         <system-err><![CDATA[]]></system-err>
      </testcase>
      <testcase name="Test Cases/New Test Case-12" time="0.019" classname="Test Cases/New Test Case-12" status="PASSED">
         <system-out><![CDATA[2023-12-03 12:06:24 - [TEST_CASE][PASSED] - Test Cases/New Test Case-12: Test Cases/New Test Case-12

2023-12-03 12:06:24 - [TEST_STEP][PASSED] - return null: null]]></system-out>
         <system-err><![CDATA[]]></system-err>
      </testcase>
      <testcase name="Test Cases/New Test Case-15" time="0.019" classname="Test Cases/New Test Case-15" status="PASSED">
         <system-out><![CDATA[2023-12-03 12:06:24 - [TEST_CASE][PASSED] - Test Cases/New Test Case-15: Test Cases/New Test Case-15

2023-12-03 12:06:24 - [TEST_STEP][PASSED] - return null: null]]></system-out>
         <system-err><![CDATA[]]></system-err>
      </testcase>
      <testcase name="Test Cases/New Test Case-17" time="0.019" classname="Test Cases/New Test Case-17" status="PASSED">
         <system-out><![CDATA[2023-12-03 12:06:24 - [TEST_CASE][PASSED] - Test Cases/New Test Case-17: Test Cases/New Test Case-17

2023-12-03 12:06:24 - [TEST_STEP][PASSED] - return null: null]]></system-out>
         <system-err><![CDATA[]]></system-err>
      </testcase>
      <testcase name="Test Cases/New Test Case-19" time="0.02" classname="Test Cases/New Test Case-19" status="PASSED">
         <system-out><![CDATA[2023-12-03 12:06:24 - [TEST_CASE][PASSED] - Test Cases/New Test Case-19: Test Cases/New Test Case-19

2023-12-03 12:06:24 - [TEST_STEP][PASSED] - return null: null]]></system-out>
         <system-err><![CDATA[]]></system-err>
      </testcase>
      <testcase name="Test Cases/New Test Case-5" time="0.017" classname="Test Cases/New Test Case-5" status="PASSED">
         <system-out><![CDATA[2023-12-03 12:06:24 - [TEST_CASE][PASSED] - Test Cases/New Test Case-5: Test Cases/New Test Case-5

2023-12-03 12:06:24 - [TEST_STEP][PASSED] - return null: null]]></system-out>
         <system-err><![CDATA[]]></system-err>
      </testcase>
      <testcase name="Test Cases/New Test Case-6" time="0.016" classname="Test Cases/New Test Case-6" status="PASSED">
         <system-out><![CDATA[2023-12-03 12:06:24 - [TEST_CASE][PASSED] - Test Cases/New Test Case-6: Test Cases/New Test Case-6

2023-12-03 12:06:24 - [TEST_STEP][PASSED] - return null: null]]></system-out>
         <system-err><![CDATA[]]></system-err>
      </testcase>
      <testcase name="Test Cases/New Test Case-7" time="0.016" classname="Test Cases/New Test Case-7" status="PASSED">
         <system-out><![CDATA[2023-12-03 12:06:24 - [TEST_CASE][PASSED] - Test Cases/New Test Case-7: Test Cases/New Test Case-7

2023-12-03 12:06:24 - [TEST_STEP][PASSED] - return null: null]]></system-out>
         <system-err><![CDATA[]]></system-err>
      </testcase>
      <testcase name="Test Cases/New Test Case-21" time="0.016" classname="Test Cases/New Test Case-21" status="PASSED">
         <system-out><![CDATA[2023-12-03 12:06:24 - [TEST_CASE][PASSED] - Test Cases/New Test Case-21: Test Cases/New Test Case-21

2023-12-03 12:06:24 - [TEST_STEP][PASSED] - return null: null]]></system-out>
         <system-err><![CDATA[]]></system-err>
      </testcase>
      <system-out><![CDATA[2023-12-03 12:06:24 - [TEST_SUITE][PASSED] - New Test Suite-21: Test Cases/New Test Case-21]]></system-out>
      <system-err><![CDATA[]]></system-err>
   </testsuite>
</testsuites>
