<?xml version="1.0" encoding="UTF-8"?>
<testsuites name="Myntra-2" time="0.396" tests="1" failures="0" errors="0">
   <testsuite name="Myntra-2" tests="1" failures="0" errors="0" time="0.396" skipped="0" timestamp="2023-12-24 11:58:43" hostname="balun - LAPTOP-2POF4N3B" id="Test Suites/Myntra-2">
      <properties>
         <property name="deviceName" value=""/>
         <property name="devicePlatform" value=""/>
         <property name="logFolder" value="C:\\Users\\balun\\Katalon Studio\\My First Project-1\\Reports\\20231224_115837\\Myntra-2\\20231224_115837"/>
         <property name="logFiles" value="C:\\Users\\balun\\Katalon Studio\\My First Project-1\\Reports\\20231224_115837\\Myntra-2\\20231224_115837\\execution0.log"/>
         <property name="attachments" value=""/>
         <property name="hostName" value="balun - LAPTOP-2POF4N3B"/>
         <property name="hostAddress" value="192.168.4.35"/>
         <property name="os" value="Windows 11 64bit"/>
         <property name="katalonVersion" value="9.0.0.212"/>
      </properties>
      <testcase name="Test Cases/Myntra-1" time="0.239" classname="Test Cases/Myntra-1" status="PASSED">
         <system-out><![CDATA[2023-12-24 11:58:43 - [TEST_CASE][PASSED] - Test Cases/Myntra-1: Test Cases/Myntra-1

2023-12-24 11:58:43 - [TEST_STEP][PASSED] - return null: null]]></system-out>
         <system-err><![CDATA[]]></system-err>
      </testcase>
      <system-out><![CDATA[2023-12-24 11:58:43 - [TEST_SUITE][PASSED] - Myntra-2: Test Cases/Myntra-1]]></system-out>
      <system-err><![CDATA[]]></system-err>
   </testsuite>
</testsuites>
