<?xml version="1.0" encoding="UTF-8"?>
<testsuites name="New Test Suite-25" time="0.373" tests="1" failures="0" errors="0">
   <testsuite name="New Test Suite-25" tests="1" failures="0" errors="0" time="0.373" skipped="0" timestamp="2023-12-31 19:37:03" hostname="balun - LAPTOP-2POF4N3B" id="Test Suites/New Test Suite-25">
      <properties>
         <property name="deviceName" value=""/>
         <property name="devicePlatform" value=""/>
         <property name="logFolder" value="C:\\Users\\balun\\Katalon Studio\\My First Project-1\\Reports\\20231231_193651\\New Test Suite-25\\20231231_193652"/>
         <property name="logFiles" value="C:\\Users\\balun\\Katalon Studio\\My First Project-1\\Reports\\20231231_193651\\New Test Suite-25\\20231231_193652\\execution0.log"/>
         <property name="attachments" value=""/>
         <property name="hostName" value="balun - LAPTOP-2POF4N3B"/>
         <property name="hostAddress" value="192.168.4.35"/>
         <property name="os" value="Windows 11 64bit"/>
         <property name="katalonVersion" value="9.0.0.212"/>
      </properties>
      <testcase name="Test Cases/New Test Case-25" time="0.224" classname="Test Cases/New Test Case-25" status="PASSED">
         <system-out><![CDATA[2023-12-31 19:37:03 - [TEST_CASE][PASSED] - Test Cases/New Test Case-25: Test Cases/New Test Case-25

2023-12-31 19:37:03 - [TEST_STEP][PASSED] - return null: null]]></system-out>
         <system-err><![CDATA[]]></system-err>
      </testcase>
      <system-out><![CDATA[2023-12-31 19:37:03 - [TEST_SUITE][PASSED] - New Test Suite-25: Test Cases/New Test Case-25]]></system-out>
      <system-err><![CDATA[]]></system-err>
   </testsuite>
</testsuites>
