<?xml version="1.0" encoding="UTF-8"?>
<testsuites name="ultimateqa-1" time="0.667" tests="2" failures="0" errors="0">
   <testsuite name="ultimateqa-1" tests="2" failures="0" errors="0" time="0.667" skipped="0" timestamp="2023-12-24 12:27:42" hostname="balun - LAPTOP-2POF4N3B" id="Test Suites/ultimateqa-1">
      <properties>
         <property name="deviceName" value=""/>
         <property name="devicePlatform" value=""/>
         <property name="logFolder" value="C:\\Users\\balun\\Katalon Studio\\My First Project-1\\Reports\\20231224_122733\\ultimateqa-1\\20231224_122733"/>
         <property name="logFiles" value="C:\\Users\\balun\\Katalon Studio\\My First Project-1\\Reports\\20231224_122733\\ultimateqa-1\\20231224_122733\\execution0.log"/>
         <property name="attachments" value=""/>
         <property name="hostName" value="balun - LAPTOP-2POF4N3B"/>
         <property name="hostAddress" value="192.168.4.35"/>
         <property name="os" value="Windows 11 64bit"/>
         <property name="katalonVersion" value="9.0.0.212"/>
      </properties>
      <testcase name="Test Cases/ultimateqa-1" time="0.37" classname="Test Cases/ultimateqa-1" status="PASSED">
         <system-out><![CDATA[2023-12-24 12:27:42 - [TEST_CASE][PASSED] - Test Cases/ultimateqa-1: Test Cases/ultimateqa-1

2023-12-24 12:27:42 - [TEST_STEP][PASSED] - return null: null]]></system-out>
         <system-err><![CDATA[]]></system-err>
      </testcase>
      <testcase name="Test Cases/mb" time="0.018" classname="Test Cases/mb" status="PASSED">
         <system-out><![CDATA[2023-12-24 12:27:42 - [TEST_CASE][PASSED] - Test Cases/mb: Test Cases/mb

2023-12-24 12:27:42 - [TEST_STEP][PASSED] - return null: null]]></system-out>
         <system-err><![CDATA[]]></system-err>
      </testcase>
      <system-out><![CDATA[2023-12-24 12:27:42 - [TEST_SUITE][PASSED] - ultimateqa-1: Test Cases/mb]]></system-out>
      <system-err><![CDATA[]]></system-err>
   </testsuite>
</testsuites>
