<?xml version="1.0" encoding="UTF-8"?>
<testsuites name="New Test Suite-011" time="0.718" tests="3" failures="0" errors="0">
   <testsuite name="New Test Suite-011" tests="3" failures="0" errors="0" time="0.718" skipped="0" timestamp="2023-12-03 20:21:24" hostname="balun - LAPTOP-2POF4N3B" id="Test Suites/New Test Suite-011">
      <properties>
         <property name="deviceName" value=""/>
         <property name="devicePlatform" value=""/>
         <property name="logFolder" value="C:\\Users\\balun\\Katalon Studio\\My First Project-1\\Reports\\20231203_202112\\New Test Suite-011\\20231203_202112"/>
         <property name="logFiles" value="C:\\Users\\balun\\Katalon Studio\\My First Project-1\\Reports\\20231203_202112\\New Test Suite-011\\20231203_202112\\execution0.log"/>
         <property name="attachments" value=""/>
         <property name="hostName" value="balun - LAPTOP-2POF4N3B"/>
         <property name="hostAddress" value="192.168.4.35"/>
         <property name="os" value="Windows 11 64bit"/>
         <property name="katalonVersion" value="9.0.0.212"/>
      </properties>
      <testcase name="Test Cases/New Test Case-14" time="0.363" classname="Test Cases/New Test Case-14" status="PASSED">
         <system-out><![CDATA[2023-12-03 20:21:24 - [TEST_CASE][PASSED] - Test Cases/New Test Case-14: Test Cases/New Test Case-14

2023-12-03 20:21:25 - [TEST_STEP][PASSED] - return null: null]]></system-out>
         <system-err><![CDATA[]]></system-err>
      </testcase>
      <testcase name="Test Cases/New Test Case-15" time="0.02" classname="Test Cases/New Test Case-15" status="PASSED">
         <system-out><![CDATA[2023-12-03 20:21:25 - [TEST_CASE][PASSED] - Test Cases/New Test Case-15: Test Cases/New Test Case-15

2023-12-03 20:21:25 - [TEST_STEP][PASSED] - return null: null]]></system-out>
         <system-err><![CDATA[]]></system-err>
      </testcase>
      <testcase name="Test Cases/New Test Case-16" time="0.017" classname="Test Cases/New Test Case-16" status="PASSED">
         <system-out><![CDATA[2023-12-03 20:21:25 - [TEST_CASE][PASSED] - Test Cases/New Test Case-16: Test Cases/New Test Case-16

2023-12-03 20:21:25 - [TEST_STEP][PASSED] - return null: null]]></system-out>
         <system-err><![CDATA[]]></system-err>
      </testcase>
      <system-out><![CDATA[2023-12-03 20:21:24 - [TEST_SUITE][PASSED] - New Test Suite-011: Test Cases/New Test Case-16]]></system-out>
      <system-err><![CDATA[]]></system-err>
   </testsuite>
</testsuites>
