<?xml version="1.0" encoding="UTF-8"?>
<testsuites name="New Test Suite-12" time="0.35" tests="1" failures="0" errors="0">
   <testsuite name="New Test Suite-12" tests="1" failures="0" errors="0" time="0.35" skipped="0" timestamp="07-01-2024T20:17:12" hostname="balun - LAPTOP-2POF4N3B" id="Test Suites/New Test Suite-12">
      <properties>
         <property name="deviceName" value=""/>
         <property name="devicePlatform" value=""/>
         <property name="logFolder" value="C:\\Users\\balun\\Katalon Studio\\My First Project-1\\Reports\\20240107_201656\\New Test Suite-12\\20240107_201702"/>
         <property name="logFiles" value="C:\\Users\\balun\\Katalon Studio\\My First Project-1\\Reports\\20240107_201656\\New Test Suite-12\\20240107_201702\\execution0.log"/>
         <property name="attachments" value=""/>
         <property name="hostName" value="balun - LAPTOP-2POF4N3B"/>
         <property name="hostAddress" value="192.168.22.25"/>
         <property name="os" value="Windows 11 64bit"/>
         <property name="katalonVersion" value="9.2.0.212"/>
      </properties>
      <testcase name="Test Cases/Flipkart/New Test Case-12" time="0.188" classname="Test Cases/Flipkart/New Test Case-12" status="PASSED">
         <system-out><![CDATA[07-01-2024T20:17:12 - [TEST_CASE][PASSED] - Test Cases/Flipkart/New Test Case-12: Test Cases/Flipkart/New Test Case-12

07-01-2024T20:17:12 - [TEST_STEP][PASSED] - return null: null]]></system-out>
         <system-err><![CDATA[]]></system-err>
      </testcase>
      <system-out><![CDATA[07-01-2024T20:17:12 - [TEST_SUITE][PASSED] - New Test Suite-12: Test Cases/Flipkart/New Test Case-12]]></system-out>
      <system-err><![CDATA[]]></system-err>
   </testsuite>
</testsuites>
