<?xml version="1.0" encoding="UTF-8"?>
<testsuites name="New Test Suite-35" time="0.675" tests="1" failures="0" errors="0">
   <testsuite name="New Test Suite-35" tests="1" failures="0" errors="0" time="0.675" skipped="0" timestamp="2023-12-05 21:59:01" hostname="balun - LAPTOP-2POF4N3B" id="Test Suites/New Test Suite-35">
      <properties>
         <property name="deviceName" value=""/>
         <property name="devicePlatform" value=""/>
         <property name="logFolder" value="C:\\Users\\balun\\Katalon Studio\\My First Project-1\\Reports\\20231205_215851\\New Test Suite-35\\20231205_215851"/>
         <property name="logFiles" value="C:\\Users\\balun\\Katalon Studio\\My First Project-1\\Reports\\20231205_215851\\New Test Suite-35\\20231205_215851\\execution0.log"/>
         <property name="attachments" value=""/>
         <property name="hostName" value="balun - LAPTOP-2POF4N3B"/>
         <property name="hostAddress" value="192.168.43.156"/>
         <property name="os" value="Windows 11 64bit"/>
         <property name="katalonVersion" value="9.0.0.212"/>
      </properties>
      <testcase name="Test Cases/New Test Case-35" time="0.369" classname="Test Cases/New Test Case-35" status="PASSED">
         <system-out><![CDATA[2023-12-05 21:59:01 - [TEST_CASE][PASSED] - Test Cases/New Test Case-35: Test Cases/New Test Case-35

2023-12-05 21:59:01 - [TEST_STEP][PASSED] - return null: null]]></system-out>
         <system-err><![CDATA[]]></system-err>
      </testcase>
      <system-out><![CDATA[2023-12-05 21:59:01 - [TEST_SUITE][PASSED] - New Test Suite-35: Test Cases/New Test Case-35]]></system-out>
      <system-err><![CDATA[]]></system-err>
   </testsuite>
</testsuites>
